<?xml version="1.0" encoding="UTF-8"?>
<testng-results skipped="0" failed="0" ignored="0" total="1" passed="1">
  <reporter-output>
  </reporter-output>
  <suite name="Suite" duration-ms="181324" started-at="2021-04-21T11:23:06 IST" finished-at="2021-04-21T11:26:08 IST">
    <groups>
    </groups>
    <test name="Test" duration-ms="181324" started-at="2021-04-21T11:23:06 IST" finished-at="2021-04-21T11:26:08 IST">
      <class name="AppiumFramework.AppiumFramework.Ecommerce_tc_4">
        <test-method status="PASS" signature="totalValidation()[pri:0, instance:AppiumFramework.AppiumFramework.Ecommerce_tc_4@4e718207]" name="totalValidation" duration-ms="181171" started-at="2021-04-21T11:23:07 IST" finished-at="2021-04-21T11:26:08 IST">
          <reporter-output>
          </reporter-output>
        </test-method> <!-- totalValidation -->
      </class> <!-- AppiumFramework.AppiumFramework.Ecommerce_tc_4 -->
    </test> <!-- Test -->
  </suite> <!-- Suite -->
</testng-results>
