<?xml version="1.0" encoding="UTF-8"?>
<testng-results skipped="0" failed="0" ignored="0" total="1" passed="1">
  <reporter-output>
  </reporter-output>
  <suite name="Suite" duration-ms="134581" started-at="2021-05-05T16:25:17 IST" finished-at="2021-05-05T16:27:32 IST">
    <groups>
    </groups>
    <test name="Test" duration-ms="134581" started-at="2021-05-05T16:25:17 IST" finished-at="2021-05-05T16:27:32 IST">
      <class name="AppiumFramework.AppiumFramework.Ecommerce_tc_4">
        <test-method status="PASS" signature="KillAllNodes()[pri:0, instance:AppiumFramework.AppiumFramework.Ecommerce_tc_4@149494d8]" name="KillAllNodes" is-config="true" duration-ms="3041" started-at="2021-05-05T16:25:17 IST" finished-at="2021-05-05T16:25:20 IST">
          <reporter-output>
          </reporter-output>
        </test-method> <!-- KillAllNodes -->
        <test-method status="PASS" signature="totalValidation()[pri:0, instance:AppiumFramework.AppiumFramework.Ecommerce_tc_4@149494d8]" name="totalValidation" duration-ms="131496" started-at="2021-05-05T16:25:20 IST" finished-at="2021-05-05T16:27:32 IST">
          <reporter-output>
          </reporter-output>
        </test-method> <!-- totalValidation -->
      </class> <!-- AppiumFramework.AppiumFramework.Ecommerce_tc_4 -->
    </test> <!-- Test -->
  </suite> <!-- Suite -->
</testng-results>
